<?xml version="1.0" encoding="UTF-8"?>
<testsuite xmlns:xsi="http://www.w3.org/2001/XMLSchema-instance" xsi:schemaLocation="https://maven.apache.org/surefire/maven-surefire-plugin/xsd/surefire-test-report.xsd" name="Scenario: Wilson posts to his own blog" time="0.996" tests="17" errors="0" skipped="4" failures="0">
  <properties>
    <property name="java.runtime.name" value="Java(TM) SE Runtime Environment"/>
    <property name="sun.boot.library.path" value="C:\Program Files\Java\jdk1.8.0_91\jre\bin"/>
    <property name="java.vm.version" value="25.91-b15"/>
    <property name="java.vm.vendor" value="Oracle Corporation"/>
    <property name="maven.multiModuleProjectDirectory" value="C:\demo\intellij_proj"/>
    <property name="java.vendor.url" value="http://java.oracle.com/"/>
    <property name="path.separator" value=";"/>
    <property name="guice.disable.misplaced.annotation.check" value="true"/>
    <property name="java.vm.name" value="Java HotSpot(TM) 64-Bit Server VM"/>
    <property name="file.encoding.pkg" value="sun.io"/>
    <property name="user.script" value=""/>
    <property name="user.country" value="US"/>
    <property name="sun.java.launcher" value="SUN_STANDARD"/>
    <property name="sun.os.patch.level" value="Service Pack 1"/>
    <property name="java.vm.specification.name" value="Java Virtual Machine Specification"/>
    <property name="user.dir" value="C:\demo\intellij_proj"/>
    <property name="java.runtime.version" value="1.8.0_91-b15"/>
    <property name="java.awt.graphicsenv" value="sun.awt.Win32GraphicsEnvironment"/>
    <property name="java.endorsed.dirs" value="C:\Program Files\Java\jdk1.8.0_91\jre\lib\endorsed"/>
    <property name="os.arch" value="amd64"/>
    <property name="java.io.tmpdir" value="C:\Users\ALM_AL~1.HPE\AppData\Local\Temp\"/>
    <property name="line.separator" value="&#10;"/>
    <property name="java.vm.specification.vendor" value="Oracle Corporation"/>
    <property name="user.variant" value=""/>
    <property name="os.name" value="Windows 7"/>
    <property name="classworlds.conf" value="C:\Users\alm_alm_auto.HPESWLAB\workspace\.metadata\.plugins\org.eclipse.m2e.launching\launches\m2conf5129630225825175409.tmp"/>
    <property name="sun.jnu.encoding" value="Cp1252"/>
    <property name="java.library.path" value="C:\Program Files\Java\jdk1.8.0_91\bin;C:\Windows\Sun\Java\bin;C:\Windows\system32;C:\Windows;C:/Program Files/Java/jre1.8.0_91/bin/server;C:/Program Files/Java/jre1.8.0_91/bin;C:/Program Files/Java/jre1.8.0_91/lib/amd64;C:\ProgramData\Oracle\Java\javapath;C:\Windows\system32;C:\Windows;C:\Windows\System32\Wbem;C:\Windows\System32\WindowsPowerShell\v1.0\;C:\Windows\System32\Windows System Resource Manager\bin;;C:\Windows\idmu\common;C:\Python27;C:\Program Files\Gallio\bin;C:\Program Files (x86)\Java\jre6\bin;C:\Program Files (x86)\apache-maven-3.3.9\bin;C:\Users\alm_alm_auto.HPESWLAB\AppData\Roaming\Microsoft\Windows\Start Menu\Programs\Eclipse;;."/>
    <property name="java.specification.name" value="Java Platform API Specification"/>
    <property name="java.class.version" value="52.0"/>
    <property name="sun.management.compiler" value="HotSpot 64-Bit Tiered Compilers"/>
    <property name="os.version" value="6.1"/>
    <property name="user.home" value="C:\Users\alm_alm_auto.HPESWLAB"/>
    <property name="user.timezone" value="Asia/Jerusalem"/>
    <property name="java.awt.printerjob" value="sun.awt.windows.WPrinterJob"/>
    <property name="java.specification.version" value="1.8"/>
    <property name="file.encoding" value="Cp1252"/>
    <property name="user.name" value="alm_alm_auto"/>
    <property name="java.class.path" value="/C:/Users/alm_alm_auto.HPESWLAB/eclipse/java-neon/eclipse/../../../.p2/pool/plugins/org.eclipse.m2e.maven.runtime_1.7.0.20160603-1931/jars/plexus-classworlds-2.5.2.jar"/>
    <property name="java.vm.specification.version" value="1.8"/>
    <property name="sun.arch.data.model" value="64"/>
    <property name="java.home" value="C:\Program Files\Java\jdk1.8.0_91\jre"/>
    <property name="sun.java.command" value="org.codehaus.plexus.classworlds.launcher.Launcher -B test"/>
    <property name="java.specification.vendor" value="Oracle Corporation"/>
    <property name="user.language" value="en"/>
    <property name="awt.toolkit" value="sun.awt.windows.WToolkit"/>
    <property name="java.vm.info" value="mixed mode"/>
    <property name="java.version" value="1.8.0_91"/>
    <property name="java.ext.dirs" value="C:\Program Files\Java\jdk1.8.0_91\jre\lib\ext;C:\Windows\Sun\Java\lib\ext"/>
    <property name="sun.boot.class.path" value="C:\Program Files\Java\jdk1.8.0_91\jre\lib\resources.jar;C:\Program Files\Java\jdk1.8.0_91\jre\lib\rt.jar;C:\Program Files\Java\jdk1.8.0_91\jre\lib\sunrsasign.jar;C:\Program Files\Java\jdk1.8.0_91\jre\lib\jsse.jar;C:\Program Files\Java\jdk1.8.0_91\jre\lib\jce.jar;C:\Program Files\Java\jdk1.8.0_91\jre\lib\charsets.jar;C:\Program Files\Java\jdk1.8.0_91\jre\lib\jfr.jar;C:\Program Files\Java\jdk1.8.0_91\jre\classes"/>
    <property name="java.vendor" value="Oracle Corporation"/>
    <property name="maven.home" value="C:\demo\intellij_proj\EMBEDDED"/>
    <property name="file.separator" value="\"/>
    <property name="java.vendor.url.bug" value="http://bugreport.sun.com/bugreport/"/>
    <property name="sun.cpu.endian" value="little"/>
    <property name="sun.io.unicode.encoding" value="UnicodeLittle"/>
    <property name="sun.desktop" value="windows"/>
    <property name="sun.cpu.isalist" value="amd64"/>
  </properties>
  <testcase name="Given user is in send email dialog" classname="Scenario: before sending an email - spell check should be triggered automatically" time="0.002"/>
  <testcase name="When user click the send button" classname="Scenario: before sending an email - spell check should be triggered automatically" time="0"/>
  <testcase name="Then spell check should be triggered and prompt user if errors were found" classname="Scenario: before sending an email - spell check should be triggered automatically" time="0"/>
  <testcase name="Scenario: before sending an email - spell check should be triggered automatically" classname="Scenario: before sending an email - spell check should be triggered automatically" time="0.001"/>
  <testcase name="Given user send an email" classname="Scenario: scenario 1" time="0"/>
  <testcase name="When he clicks send" classname="Scenario: scenario 1" time="0"/>
  <testcase name="Then notification appears" classname="Scenario: scenario 1" time="0"/>
  <testcase name="Scenario: scenario 1" classname="Scenario: scenario 1" time="0"/>
  <testcase name="Given user is in mail dialog" classname="Scenario: user wrote attached but didnt attach anything" time="0"/>
  <testcase name="When user clicks send" classname="Scenario: user wrote attached but didnt attach anything" time="0"/>
  <testcase name="Then if word &quot;attach&quot; is in mail, and nothing attached, warn user" classname="Scenario: user wrote attached but didnt attach anything" time="0"/>
  <testcase name="Scenario: user wrote attached but didnt attach anything" classname="Scenario: user wrote attached but didnt attach anything" time="0.001"/>
  <testcase name="Given I am logged in as Wilson" classname="Scenario: Wilson posts to his own blog" time="0">
    <skipped/>
  </testcase>
  <testcase name="When I try to post to &quot;Expensive Therapy&quot;" classname="Scenario: Wilson posts to his own blog" time="0">
    <skipped/>
  </testcase>
  <testcase name="Then I should see &quot;Your article was published.&quot;" classname="Scenario: Wilson posts to his own blog" time="0">
    <skipped/>
  </testcase>
  <testcase name="Scenario: Wilson posts to his own blog" classname="Scenario: Wilson posts to his own blog" time="0">
    <skipped/>
  </testcase>
  <testcase name="Scenario: Wilson posts to his own blog" classname="Scenario: Wilson posts to his own blog" time="0.014"/>
</testsuite>